### 命令: python -m pytest tests/unit -v --tb=short -p no:cacheprovider
### 时间: 2026-08-27T16:25:01+08:00
### Python: Python 3.12.8

============================= test session starts ==============================
platform linux -- Python 3.12.8, pytest-9.1.1, pluggy-1.6.0
rootdir: /home/szf/dev/Leibniz-KERT
configfile: pyproject.toml
plugins: anyio-4.14.2
collected 254 items

tests/unit/test_job_queue.py ........................................... [ 16%]
..                                                                       [ 17%]
tests/unit/test_markdown.py ...................                          [ 25%]
tests/unit/test_observability.py ....................................... [ 40%]
......................................                                   [ 55%]
tests/unit/test_runtime_config.py ......................                 [ 64%]
tests/unit/test_runtime_store.py ....................................... [ 79%]
                                                                         [ 79%]
tests/unit/test_worker.py ...........................                    [ 90%]
tests/unit/test_workspace.py .........................                   [100%]

============================= 254 passed in 9.34s ==============================

### 退出码: 0
