### 命令: python -m pytest tests/security -v --tb=short -p no:cacheprovider
### 时间: 2026-08-27T16:26:47+08:00
### Python: Python 3.12.8

============================= test session starts ==============================
platform linux -- Python 3.12.8, pytest-9.1.1, pluggy-1.6.0
rootdir: /home/szf/dev/Leibniz-KERT
configfile: pyproject.toml
plugins: anyio-4.14.2
collected 36 items

tests/security/test_api_hardening.py ..............................      [ 83%]
tests/security/test_security.py ......                                   [100%]

=============================== warnings summary ===============================
.venv/lib/python3.12/site-packages/fastapi/testclient.py:1
  /home/szf/dev/Leibniz-KERT/.venv/lib/python3.12/site-packages/fastapi/testclient.py:1: StarletteDeprecationWarning: Using `httpx` with `starlette.testclient` is deprecated; install `httpx2` instead.
    from starlette.testclient import TestClient as TestClient  # noqa

-- Docs: https://docs.pytest.org/en/stable/how-to/capture-warnings.html
======================== 36 passed, 1 warning in 1.47s =========================

### 退出码: 0
