### 命令: python -m pytest tests/recovery -v --tb=short -p no:cacheprovider
### 时间: 2026-08-27T16:26:49+08:00
### Python: Python 3.12.8

============================= test session starts ==============================
platform linux -- Python 3.12.8, pytest-9.1.1, pluggy-1.6.0
rootdir: /home/szf/dev/Leibniz-KERT
configfile: pyproject.toml
plugins: anyio-4.14.2
collected 18 items

tests/recovery/test_recovery.py ....                                     [ 22%]
tests/recovery/test_worker_crash_recovery.py ..............              [100%]

============================== 18 passed in 7.09s ==============================

### 退出码: 0
