### 命令: python -m pytest tests -v --tb=short -p no:cacheprovider
### 时间: 2026-08-27T12:11:12+08:00
### Python: Python 3.12.8

============================= test session starts ==============================
platform linux -- Python 3.12.8, pytest-9.1.1, pluggy-1.6.0
rootdir: /home/szf/dev/Leibniz-KERT
configfile: pyproject.toml
plugins: anyio-4.14.2
collected 481 items

tests/contract/test_contracts.py ....................................... [  8%]
..............                                                           [ 11%]
tests/e2e/test_golden_scenario.py .                                      [ 11%]
tests/integration/test_api.py ........                                   [ 12%]
tests/integration/test_extract_review.py ...............                 [ 16%]
tests/integration/test_gates.py .....                                    [ 17%]
tests/integration/test_ingest.py ..............                          [ 19%]
tests/integration/test_interaction_memory.py .........                   [ 21%]
tests/integration/test_kuzu_graph.py ......                              [ 23%]
tests/integration/test_parse_doc.py ........                             [ 24%]
tests/integration/test_persistent_jobs.py ...................            [ 28%]
tests/integration/test_process_data.py ........                          [ 30%]
tests/integration/test_prod_async_guard.py ....................          [ 34%]
tests/integration/test_projection.py .....                               [ 35%]
tests/integration/test_publish.py ........                               [ 37%]
tests/integration/test_runtime_store_api.py ...................          [ 41%]
tests/integration/test_service_proposal.py .........                     [ 43%]
tests/integration/test_services.py ...............                       [ 46%]
tests/integration/test_skills.py ............................            [ 51%]
tests/recovery/test_recovery.py ....                                     [ 52%]
tests/recovery/test_worker_crash_recovery.py ..............              [ 55%]
tests/security/test_api_hardening.py ..............................      [ 61%]
tests/security/test_security.py ......                                   [ 63%]
tests/unit/test_job_queue.py ........................................... [ 72%]
..                                                                       [ 72%]
tests/unit/test_markdown.py ...................                          [ 76%]
tests/unit/test_runtime_config.py ......................                 [ 81%]
tests/unit/test_runtime_store.py ....................................... [ 89%]
                                                                         [ 89%]
tests/unit/test_worker.py ...........................                    [ 94%]
tests/unit/test_workspace.py .........................                   [100%]

=============================== warnings summary ===============================
.venv/lib/python3.12/site-packages/fastapi/testclient.py:1
  /home/szf/dev/Leibniz-KERT/.venv/lib/python3.12/site-packages/fastapi/testclient.py:1: StarletteDeprecationWarning: Using `httpx` with `starlette.testclient` is deprecated; install `httpx2` instead.
    from starlette.testclient import TestClient as TestClient  # noqa

-- Docs: https://docs.pytest.org/en/stable/how-to/capture-warnings.html
================== 481 passed, 1 warning in 113.83s (0:01:53) ==================

### 退出码: 0
