### 命令: python -m pytest tests -v --tb=short -p no:cacheprovider
### 时间: 2026-08-27T11:41:12+08:00
### Python: Python 3.12.8

============================= test session starts ==============================
platform linux -- Python 3.12.8, pytest-9.1.1, pluggy-1.6.0
rootdir: /home/szf/dev/Leibniz-KERT
configfile: pyproject.toml
plugins: anyio-4.14.2
collected 461 items

tests/contract/test_contracts.py ....................................... [  8%]
..............                                                           [ 11%]
tests/e2e/test_golden_scenario.py .                                      [ 11%]
tests/integration/test_api.py ........                                   [ 13%]
tests/integration/test_extract_review.py ...............                 [ 16%]
tests/integration/test_gates.py .....                                    [ 17%]
tests/integration/test_ingest.py ..............                          [ 20%]
tests/integration/test_interaction_memory.py .........                   [ 22%]
tests/integration/test_kuzu_graph.py ......                              [ 24%]
tests/integration/test_parse_doc.py ........                             [ 25%]
tests/integration/test_persistent_jobs.py ...................            [ 29%]
tests/integration/test_process_data.py ........                          [ 31%]
tests/integration/test_projection.py .....                               [ 32%]
tests/integration/test_publish.py ........                               [ 34%]
tests/integration/test_runtime_store_api.py ...................          [ 38%]
tests/integration/test_service_proposal.py .........                     [ 40%]
tests/integration/test_services.py ...............                       [ 43%]
tests/integration/test_skills.py ............................            [ 49%]
tests/recovery/test_recovery.py ....                                     [ 50%]
tests/recovery/test_worker_crash_recovery.py ..............              [ 53%]
tests/security/test_api_hardening.py ..............................      [ 60%]
tests/security/test_security.py ......                                   [ 61%]
tests/unit/test_job_queue.py ........................................... [ 70%]
..                                                                       [ 71%]
tests/unit/test_markdown.py ...................                          [ 75%]
tests/unit/test_runtime_config.py ......................                 [ 80%]
tests/unit/test_runtime_store.py ....................................... [ 88%]
                                                                         [ 88%]
tests/unit/test_worker.py ...........................                    [ 94%]
tests/unit/test_workspace.py .........................                   [100%]

=============================== warnings summary ===============================
.venv/lib/python3.12/site-packages/fastapi/testclient.py:1
  /home/szf/dev/Leibniz-KERT/.venv/lib/python3.12/site-packages/fastapi/testclient.py:1: StarletteDeprecationWarning: Using `httpx` with `starlette.testclient` is deprecated; install `httpx2` instead.
    from starlette.testclient import TestClient as TestClient  # noqa

-- Docs: https://docs.pytest.org/en/stable/how-to/capture-warnings.html
================== 461 passed, 1 warning in 114.44s (0:01:54) ==================

### 退出码: 0
