### 命令: python -m pytest tests/integration -v --tb=short -p no:cacheprovider
### 时间: 2026-08-27T12:09:29+08:00
### Python: Python 3.12.8

============================= test session starts ==============================
platform linux -- Python 3.12.8, pytest-9.1.1, pluggy-1.6.0
rootdir: /home/szf/dev/Leibniz-KERT
configfile: pyproject.toml
plugins: anyio-4.14.2
collected 196 items

tests/integration/test_api.py ........                                   [  4%]
tests/integration/test_extract_review.py ...............                 [ 11%]
tests/integration/test_gates.py .....                                    [ 14%]
tests/integration/test_ingest.py ..............                          [ 21%]
tests/integration/test_interaction_memory.py .........                   [ 26%]
tests/integration/test_kuzu_graph.py ......                              [ 29%]
tests/integration/test_parse_doc.py ........                             [ 33%]
tests/integration/test_persistent_jobs.py ...................            [ 42%]
tests/integration/test_process_data.py ........                          [ 46%]
tests/integration/test_prod_async_guard.py ....................          [ 57%]
tests/integration/test_projection.py .....                               [ 59%]
tests/integration/test_publish.py ........                               [ 63%]
tests/integration/test_runtime_store_api.py ...................          [ 73%]
tests/integration/test_service_proposal.py .........                     [ 78%]
tests/integration/test_services.py ...............                       [ 85%]
tests/integration/test_skills.py ............................            [100%]

=============================== warnings summary ===============================
.venv/lib/python3.12/site-packages/fastapi/testclient.py:1
  /home/szf/dev/Leibniz-KERT/.venv/lib/python3.12/site-packages/fastapi/testclient.py:1: StarletteDeprecationWarning: Using `httpx` with `starlette.testclient` is deprecated; install `httpx2` instead.
    from starlette.testclient import TestClient as TestClient  # noqa

-- Docs: https://docs.pytest.org/en/stable/how-to/capture-warnings.html
================== 196 passed, 1 warning in 93.21s (0:01:33) ===================

### 退出码: 0
