### 命令: python -m pytest tests/integration -v --tb=short -p no:cacheprovider
### 时间: 2026-08-27T17:57:00+08:00

============================= test session starts ==============================
platform linux -- Python 3.12.8, pytest-9.1.1, pluggy-1.6.0
rootdir: /home/szf/dev/Leibniz-KERT
configfile: pyproject.toml
plugins: anyio-4.14.2
collected 269 items

tests/integration/test_api.py ........                                   [  2%]
tests/integration/test_extract_review.py ...............                 [  8%]
tests/integration/test_gates.py .....                                    [ 10%]
tests/integration/test_ingest.py ..............                          [ 15%]
tests/integration/test_interaction_memory.py .........                   [ 18%]
tests/integration/test_kuzu_graph.py ......                              [ 21%]
tests/integration/test_observability_endpoints.py ...................... [ 29%]
.....................                                                    [ 37%]
tests/integration/test_parse_doc.py ........                             [ 40%]
tests/integration/test_persistent_jobs.py ...................            [ 47%]
tests/integration/test_process_data.py ........                          [ 50%]
tests/integration/test_prod_async_guard.py ....................          [ 57%]
tests/integration/test_projection.py .....                               [ 59%]
tests/integration/test_publish.py ........                               [ 62%]
tests/integration/test_redaction.py .............................        [ 73%]
tests/integration/test_runtime_store_api.py ....................         [ 80%]
tests/integration/test_service_proposal.py .........                     [ 84%]
tests/integration/test_services.py ...............                       [ 89%]
tests/integration/test_skills.py ............................            [100%]

=============================== warnings summary ===============================
.venv/lib/python3.12/site-packages/fastapi/testclient.py:1
  /home/szf/dev/Leibniz-KERT/.venv/lib/python3.12/site-packages/fastapi/testclient.py:1: StarletteDeprecationWarning: Using `httpx` with `starlette.testclient` is deprecated; install `httpx2` instead.
    from starlette.testclient import TestClient as TestClient  # noqa

-- Docs: https://docs.pytest.org/en/stable/how-to/capture-warnings.html
================== 269 passed, 1 warning in 94.62s (0:01:34) ===================

### 退出码: 0
