### 命令: python -m pytest tests -v --tb=short -p no:cacheprovider
### 时间: 2026-08-27T17:54:41+08:00
### Python: Python 3.12.8

============================= test session starts ==============================
platform linux -- Python 3.12.8, pytest-9.1.1, pluggy-1.6.0
rootdir: /home/szf/dev/Leibniz-KERT
configfile: pyproject.toml
plugins: anyio-4.14.2
collected 813 items

tests/contract/test_contracts.py ....................................... [  4%]
..............                                                           [  6%]
tests/e2e/test_golden_scenario.py .                                      [  6%]
tests/integration/test_api.py ........                                   [  7%]
tests/integration/test_extract_review.py ...............                 [  9%]
tests/integration/test_gates.py .....                                    [ 10%]
tests/integration/test_ingest.py ..............                          [ 11%]
tests/integration/test_interaction_memory.py .........                   [ 12%]
tests/integration/test_kuzu_graph.py ......                              [ 13%]
tests/integration/test_observability_endpoints.py ...................... [ 16%]
.....................                                                    [ 18%]
tests/integration/test_parse_doc.py ........                             [ 19%]
tests/integration/test_persistent_jobs.py ...................            [ 22%]
tests/integration/test_process_data.py ........                          [ 23%]
tests/integration/test_prod_async_guard.py ....................          [ 25%]
tests/integration/test_projection.py .....                               [ 26%]
tests/integration/test_publish.py ........                               [ 27%]
tests/integration/test_redaction.py .............................        [ 30%]
tests/integration/test_runtime_store_api.py ....................         [ 33%]
tests/integration/test_service_proposal.py .........                     [ 34%]
tests/integration/test_services.py ...............                       [ 36%]
tests/integration/test_skills.py ............................            [ 39%]
tests/recovery/test_recovery.py ....                                     [ 40%]
tests/recovery/test_worker_crash_recovery.py ..............              [ 41%]
tests/security/test_api_hardening.py ..............................      [ 45%]
tests/security/test_security.py ......                                   [ 46%]
tests/unit/test_backup.py .............................................. [ 52%]
...                                                                      [ 52%]
tests/unit/test_classification.py ...................................... [ 57%]
.....................................................................    [ 65%]
tests/unit/test_job_queue.py ........................................... [ 70%]
..                                                                       [ 71%]
tests/unit/test_markdown.py ...................                          [ 73%]
tests/unit/test_observability.py ....................................... [ 78%]
......................................                                   [ 82%]
tests/unit/test_release.py ..........................                    [ 86%]
tests/unit/test_runtime_config.py ......................                 [ 88%]
tests/unit/test_runtime_store.py ....................................... [ 93%]
                                                                         [ 93%]
tests/unit/test_worker.py ...........................                    [ 96%]
tests/unit/test_workspace.py .........................                   [100%]

=============================== warnings summary ===============================
.venv/lib/python3.12/site-packages/fastapi/testclient.py:1
  /home/szf/dev/Leibniz-KERT/.venv/lib/python3.12/site-packages/fastapi/testclient.py:1: StarletteDeprecationWarning: Using `httpx` with `starlette.testclient` is deprecated; install `httpx2` instead.
    from starlette.testclient import TestClient as TestClient  # noqa

-- Docs: https://docs.pytest.org/en/stable/how-to/capture-warnings.html
================== 813 passed, 1 warning in 115.90s (0:01:55) ==================

### 退出码: 0
